c:\users\phill\source\workspaces\femm\femmsource\belasolv\debug\belasolv.pch
c:\users\phill\source\workspaces\femm\femmsource\belasolv\debug\vc140.pdb
c:\users\phill\source\workspaces\femm\femmsource\belasolv\debug\vc140.idb
c:\users\phill\source\workspaces\femm\femmsource\belasolv\debug\stdafx.obj
c:\users\phill\source\workspaces\femm\femmsource\belasolv\debug\belasolv.obj
c:\users\phill\source\workspaces\femm\femmsource\belasolv\debug\belasolvdlg.obj
c:\users\phill\source\workspaces\femm\femmsource\belasolv\debug\cuthill.obj
c:\users\phill\source\workspaces\femm\femmsource\belasolv\debug\femmedoccore.obj
c:\users\phill\source\workspaces\femm\femmsource\belasolv\debug\main.obj
c:\users\phill\source\workspaces\femm\femmsource\belasolv\debug\prob1big.obj
c:\users\phill\source\workspaces\femm\femmsource\belasolv\debug\spars.obj
c:\users\phill\source\workspaces\femm\femmsource\debug\belasolv.ilk
c:\users\phill\source\workspaces\femm\femmsource\debug\belasolv.exe
c:\users\phill\source\workspaces\femm\femmsource\belasolv\debug\belasolv.pdb
c:\users\phill\source\workspaces\femm\femmsource\belasolv\debug\belasolv.res
c:\users\phill\source\workspaces\femm\femmsource\belasolv\debug\belasolv.tlog\cl.command.1.tlog
c:\users\phill\source\workspaces\femm\femmsource\belasolv\debug\belasolv.tlog\cl.read.1.tlog
c:\users\phill\source\workspaces\femm\femmsource\belasolv\debug\belasolv.tlog\cl.write.1.tlog
c:\users\phill\source\workspaces\femm\femmsource\belasolv\debug\belasolv.tlog\link.command.1.tlog
c:\users\phill\source\workspaces\femm\femmsource\belasolv\debug\belasolv.tlog\link.read.1.tlog
c:\users\phill\source\workspaces\femm\femmsource\belasolv\debug\belasolv.tlog\link.write.1.tlog
c:\users\phill\source\workspaces\femm\femmsource\belasolv\debug\belasolv.tlog\rc.command.1.tlog
c:\users\phill\source\workspaces\femm\femmsource\belasolv\debug\belasolv.tlog\rc.read.1.tlog
c:\users\phill\source\workspaces\femm\femmsource\belasolv\debug\belasolv.tlog\rc.write.1.tlog
